<?xml version="1.0" encoding="UTF-8"?>
<!-- Generated by org.testng.reporters.JUnitReportReporter -->
<testsuite skipped="0" hostname="user-PC" name="scripts.DemoB" tests="3" failures="0" timestamp="14 Jul 2017 00:35:10 GMT" time="0.016" errors="0">
  <testcase name="runMultiple" time="0.000" classname="scripts.DemoB"/>
  <testcase name="runMultiple" time="0.016" classname="scripts.DemoB"/>
  <testcase name="runMultiple" time="0.000" classname="scripts.DemoB"/>
</testsuite> <!-- scripts.DemoB -->
